[0.993s] Invoking command in '/home/lilly/turtlebot3_ws/src/gcnschedule-turtlenet/src/gcnsched_demo': HISTTIMEFORMAT=[%F %T] ~~~ PROMPT_COMMAND=if [ $? -ne 0 ]; then ERROR_FLAG=1; else ERROR_FLAG=; fi; promptPWD; history -a; _loghistory; PYTHONPATH=/home/lilly/turtlebot3_ws/src/gcnschedule-turtlenet/src/gcnsched_demo/install/gcnsched_demo/lib/python3.6/site-packages:${PYTHONPATH} __PREV_HISTCMD=ros2 run gcnsched_demo scheduler __PREV_HISTLINE=63721 /usr/bin/python3 setup.py egg_info --egg-base build/gcnsched_demo build --build-base /home/lilly/turtlebot3_ws/src/gcnschedule-turtlenet/src/gcnsched_demo/build/gcnsched_demo/build install --prefix /home/lilly/turtlebot3_ws/src/gcnschedule-turtlenet/src/gcnsched_demo/install/gcnsched_demo --record /home/lilly/turtlebot3_ws/src/gcnschedule-turtlenet/src/gcnsched_demo/build/gcnsched_demo/install.log --single-version-externally-managed
[1.327s] running egg_info
[1.328s] writing build/gcnsched_demo/gcnsched_demo.egg-info/PKG-INFO
[1.328s] writing dependency_links to build/gcnsched_demo/gcnsched_demo.egg-info/dependency_links.txt
[1.328s] writing entry points to build/gcnsched_demo/gcnsched_demo.egg-info/entry_points.txt
[1.328s] writing requirements to build/gcnsched_demo/gcnsched_demo.egg-info/requires.txt
[1.328s] writing top-level names to build/gcnsched_demo/gcnsched_demo.egg-info/top_level.txt
[1.371s] reading manifest file 'build/gcnsched_demo/gcnsched_demo.egg-info/SOURCES.txt'
[1.373s] writing manifest file 'build/gcnsched_demo/gcnsched_demo.egg-info/SOURCES.txt'
[1.373s] running build
[1.373s] running build_py
[1.373s] copying gcnsched_demo/scheduler.py -> /home/lilly/turtlebot3_ws/src/gcnschedule-turtlenet/src/gcnsched_demo/build/gcnsched_demo/build/lib/gcnsched_demo
[1.373s] running install
[1.373s] running install_lib
[1.375s] copying /home/lilly/turtlebot3_ws/src/gcnschedule-turtlenet/src/gcnsched_demo/build/gcnsched_demo/build/lib/gcnsched_demo/scheduler.py -> /home/lilly/turtlebot3_ws/src/gcnschedule-turtlenet/src/gcnsched_demo/install/gcnsched_demo/lib/python3.6/site-packages/gcnsched_demo
[1.375s] byte-compiling /home/lilly/turtlebot3_ws/src/gcnschedule-turtlenet/src/gcnsched_demo/install/gcnsched_demo/lib/python3.6/site-packages/gcnsched_demo/scheduler.py to scheduler.cpython-36.pyc
[1.376s] running install_data
[1.377s] running install_egg_info
[1.379s] removing '/home/lilly/turtlebot3_ws/src/gcnschedule-turtlenet/src/gcnsched_demo/install/gcnsched_demo/lib/python3.6/site-packages/gcnsched_demo-0.0.0-py3.6.egg-info' (and everything under it)
[1.379s] Copying build/gcnsched_demo/gcnsched_demo.egg-info to /home/lilly/turtlebot3_ws/src/gcnschedule-turtlenet/src/gcnsched_demo/install/gcnsched_demo/lib/python3.6/site-packages/gcnsched_demo-0.0.0-py3.6.egg-info
[1.380s] running install_scripts
[1.400s] Installing scheduler script to /home/lilly/turtlebot3_ws/src/gcnschedule-turtlenet/src/gcnsched_demo/install/gcnsched_demo/lib/gcnsched_demo
[1.401s] writing list of installed files to '/home/lilly/turtlebot3_ws/src/gcnschedule-turtlenet/src/gcnsched_demo/build/gcnsched_demo/install.log'
[1.431s] Invoked command in '/home/lilly/turtlebot3_ws/src/gcnschedule-turtlenet/src/gcnsched_demo' returned '0': HISTTIMEFORMAT=[%F %T] ~~~ PROMPT_COMMAND=if [ $? -ne 0 ]; then ERROR_FLAG=1; else ERROR_FLAG=; fi; promptPWD; history -a; _loghistory; PYTHONPATH=/home/lilly/turtlebot3_ws/src/gcnschedule-turtlenet/src/gcnsched_demo/install/gcnsched_demo/lib/python3.6/site-packages:${PYTHONPATH} __PREV_HISTCMD=ros2 run gcnsched_demo scheduler __PREV_HISTLINE=63721 /usr/bin/python3 setup.py egg_info --egg-base build/gcnsched_demo build --build-base /home/lilly/turtlebot3_ws/src/gcnschedule-turtlenet/src/gcnsched_demo/build/gcnsched_demo/build install --prefix /home/lilly/turtlebot3_ws/src/gcnschedule-turtlenet/src/gcnsched_demo/install/gcnsched_demo --record /home/lilly/turtlebot3_ws/src/gcnschedule-turtlenet/src/gcnsched_demo/build/gcnsched_demo/install.log --single-version-externally-managed
