[0.226s] DEBUG:colcon:Command line arguments: ['/usr/bin/colcon', 'build']
[0.226s] DEBUG:colcon:Parsed command line arguments: Namespace(allow_overriding=[], ament_cmake_args=None, base_paths=['.'], build_base='build', catkin_cmake_args=None, catkin_skip_building_tests=False, cmake_args=None, cmake_clean_cache=False, cmake_clean_first=False, cmake_force_configure=False, cmake_target=None, cmake_target_skip_unavailable=False, continue_on_error=False, event_handlers=None, executor='parallel', ignore_user_meta=False, install_base='install', log_base=None, log_level=None, main=<bound method BuildVerb.main of <colcon_core.verb.build.BuildVerb object at 0x7f4444daf240>>, merge_install=False, metas=['./colcon.meta'], packages_above=None, packages_above_and_dependencies=None, packages_above_depth=None, packages_end=None, packages_ignore=None, packages_ignore_regex=None, packages_select=None, packages_select_build_failed=False, packages_select_by_dep=None, packages_select_regex=None, packages_select_test_failures=False, packages_skip=None, packages_skip_build_finished=False, packages_skip_by_dep=None, packages_skip_regex=None, packages_skip_test_passed=False, packages_skip_up_to=None, packages_start=None, packages_up_to=None, packages_up_to_regex=None, parallel_workers=8, paths=None, symlink_install=False, test_result_base=None, verb_extension=<colcon_core.verb.build.BuildVerb object at 0x7f4444daf240>, verb_name='build', verb_parser=<colcon_defaults.argument_parser.defaults.DefaultArgumentsDecorator object at 0x7f4444daf588>)
[0.234s] Level 1:colcon.colcon_core.package_discovery:discover_packages(colcon_meta) check parameters
[0.234s] Level 1:colcon.colcon_core.package_discovery:discover_packages(recursive) check parameters
[0.234s] Level 1:colcon.colcon_core.package_discovery:discover_packages(ignore) check parameters
[0.235s] Level 1:colcon.colcon_core.package_discovery:discover_packages(path) check parameters
[0.235s] Level 1:colcon.colcon_core.package_discovery:discover_packages(colcon_meta) discover
[0.235s] Level 1:colcon.colcon_core.package_discovery:discover_packages(recursive) discover
[0.235s] INFO:colcon.colcon_core.package_discovery:Crawling recursively for packages in '/home/lilly/turtlebot3_ws/src/gcnschedule-turtlenet/src/gcnsched_demo'
[0.235s] Level 1:colcon.colcon_core.package_identification:_identify(.) by extensions ['ignore', 'ignore_ament_install']
[0.235s] Level 1:colcon.colcon_core.package_identification:_identify(.) by extension 'ignore'
[0.235s] Level 1:colcon.colcon_core.package_identification:_identify(.) by extension 'ignore_ament_install'
[0.236s] Level 1:colcon.colcon_core.package_identification:_identify(.) by extensions ['colcon_pkg']
[0.236s] Level 1:colcon.colcon_core.package_identification:_identify(.) by extension 'colcon_pkg'
[0.236s] Level 1:colcon.colcon_core.package_identification:_identify(.) by extensions ['colcon_meta']
[0.236s] Level 1:colcon.colcon_core.package_identification:_identify(.) by extension 'colcon_meta'
[0.236s] Level 1:colcon.colcon_core.package_identification:_identify(.) by extensions ['ros']
[0.236s] Level 1:colcon.colcon_core.package_identification:_identify(.) by extension 'ros'
[0.266s] DEBUG:colcon.colcon_core.package_identification:Package '.' with type 'ros.ament_python' and name 'gcnsched_demo'
[0.266s] Level 1:colcon.colcon_core.package_discovery:discover_packages(recursive) using defaults
[0.266s] Level 1:colcon.colcon_core.package_discovery:discover_packages(ignore) discover
[0.266s] Level 1:colcon.colcon_core.package_discovery:discover_packages(ignore) using defaults
[0.267s] Level 1:colcon.colcon_core.package_discovery:discover_packages(path) discover
[0.267s] Level 1:colcon.colcon_core.package_discovery:discover_packages(path) using defaults
[0.293s] Level 5:colcon.colcon_core.verb:set package 'gcnsched_demo' build argument 'cmake_args' from command line to 'None'
[0.293s] Level 5:colcon.colcon_core.verb:set package 'gcnsched_demo' build argument 'cmake_target' from command line to 'None'
[0.293s] Level 5:colcon.colcon_core.verb:set package 'gcnsched_demo' build argument 'cmake_target_skip_unavailable' from command line to 'False'
[0.293s] Level 5:colcon.colcon_core.verb:set package 'gcnsched_demo' build argument 'cmake_clean_cache' from command line to 'False'
[0.293s] Level 5:colcon.colcon_core.verb:set package 'gcnsched_demo' build argument 'cmake_clean_first' from command line to 'False'
[0.293s] Level 5:colcon.colcon_core.verb:set package 'gcnsched_demo' build argument 'cmake_force_configure' from command line to 'False'
[0.293s] Level 5:colcon.colcon_core.verb:set package 'gcnsched_demo' build argument 'ament_cmake_args' from command line to 'None'
[0.293s] Level 5:colcon.colcon_core.verb:set package 'gcnsched_demo' build argument 'catkin_cmake_args' from command line to 'None'
[0.293s] Level 5:colcon.colcon_core.verb:set package 'gcnsched_demo' build argument 'catkin_skip_building_tests' from command line to 'False'
[0.294s] DEBUG:colcon.colcon_core.verb:Building package 'gcnsched_demo' with the following arguments: {'ament_cmake_args': None, 'build_base': '/home/lilly/turtlebot3_ws/src/gcnschedule-turtlenet/src/gcnsched_demo/build/gcnsched_demo', 'catkin_cmake_args': None, 'catkin_skip_building_tests': False, 'cmake_args': None, 'cmake_clean_cache': False, 'cmake_clean_first': False, 'cmake_force_configure': False, 'cmake_target': None, 'cmake_target_skip_unavailable': False, 'install_base': '/home/lilly/turtlebot3_ws/src/gcnschedule-turtlenet/src/gcnsched_demo/install/gcnsched_demo', 'merge_install': False, 'path': '/home/lilly/turtlebot3_ws/src/gcnschedule-turtlenet/src/gcnsched_demo', 'symlink_install': False, 'test_result_base': None}
[0.302s] WARNING:colcon.colcon_core.verb:Some selected packages are already built in one or more underlay workspaces:
	'gcnsched_demo' is in: /home/lilly/turtlebot3_ws/install/gcnsched_demo
If a package in a merged underlay workspace is overridden and it installs headers, then all packages in the overlay must sort their include directories by workspace order. Failure to do so may result in build failures or undefined behavior at run time.
If the overridden package is used by another package in any underlay, then the overriding package in the overlay must be API and ABI compatible or undefined behavior at run time may occur.

If you understand the risks and want to override a package anyways, add the following to the command line:
	--allow-overriding gcnsched_demo

This may be promoted to an error in a future release of colcon-core.
[0.302s] INFO:colcon.colcon_core.executor:Executing jobs using 'parallel' executor
[0.306s] DEBUG:colcon.colcon_parallel_executor.executor.parallel:run_until_complete
[0.306s] INFO:colcon.colcon_ros.task.ament_python.build:Building ROS package in '/home/lilly/turtlebot3_ws/src/gcnschedule-turtlenet/src/gcnsched_demo' with build type 'ament_python'
[0.306s] Level 1:colcon.colcon_core.shell:create_environment_hook('gcnsched_demo', 'ament_prefix_path')
[0.314s] INFO:colcon.colcon_core.plugin_system:Skipping extension 'colcon_core.shell.bat': Not used on non-Windows systems
[0.314s] INFO:colcon.colcon_core.shell:Creating environment hook '/home/lilly/turtlebot3_ws/src/gcnschedule-turtlenet/src/gcnsched_demo/install/gcnsched_demo/share/gcnsched_demo/hook/ament_prefix_path.ps1'
[0.315s] INFO:colcon.colcon_core.shell:Creating environment descriptor '/home/lilly/turtlebot3_ws/src/gcnschedule-turtlenet/src/gcnsched_demo/install/gcnsched_demo/share/gcnsched_demo/hook/ament_prefix_path.dsv'
[0.316s] INFO:colcon.colcon_core.shell:Creating environment hook '/home/lilly/turtlebot3_ws/src/gcnschedule-turtlenet/src/gcnsched_demo/install/gcnsched_demo/share/gcnsched_demo/hook/ament_prefix_path.sh'
[0.319s] INFO:colcon.colcon_core.shell:Skip shell extension 'powershell' for command environment: Not usable outside of PowerShell
[0.319s] DEBUG:colcon.colcon_core.shell:Skip shell extension 'dsv' for command environment
[0.325s] DEBUG:colcon.colcon_core.shell:Ignoring prefix path '/home/lilly/Admin/subt_ws/devel'
[0.326s] DEBUG:colcon.colcon_core.shell:Ignoring prefix path '/opt/ros/subt'
[0.697s] INFO:colcon.colcon_core.task.python.build:Building Python package in '/home/lilly/turtlebot3_ws/src/gcnschedule-turtlenet/src/gcnsched_demo'
[0.699s] INFO:colcon.colcon_core.shell:Skip shell extension 'powershell' for command environment: Not usable outside of PowerShell
[0.699s] DEBUG:colcon.colcon_core.shell:Skip shell extension 'dsv' for command environment
[0.706s] DEBUG:colcon.colcon_core.shell:Ignoring prefix path '/home/lilly/Admin/subt_ws/devel'
[0.707s] DEBUG:colcon.colcon_core.shell:Ignoring prefix path '/opt/ros/subt'
[1.301s] DEBUG:colcon.colcon_core.event_handler.log_command:Invoking command in '/home/lilly/turtlebot3_ws/src/gcnschedule-turtlenet/src/gcnsched_demo': HISTTIMEFORMAT=[%F %T] ~~~ PROMPT_COMMAND=if [ $? -ne 0 ]; then ERROR_FLAG=1; else ERROR_FLAG=; fi; promptPWD; history -a; _loghistory; PYTHONPATH=/home/lilly/turtlebot3_ws/src/gcnschedule-turtlenet/src/gcnsched_demo/install/gcnsched_demo/lib/python3.6/site-packages:${PYTHONPATH} __PREV_HISTLINE=63719 /usr/bin/python3 setup.py egg_info --egg-base build/gcnsched_demo build --build-base /home/lilly/turtlebot3_ws/src/gcnschedule-turtlenet/src/gcnsched_demo/build/gcnsched_demo/build install --prefix /home/lilly/turtlebot3_ws/src/gcnschedule-turtlenet/src/gcnsched_demo/install/gcnsched_demo --record /home/lilly/turtlebot3_ws/src/gcnschedule-turtlenet/src/gcnsched_demo/build/gcnsched_demo/install.log --single-version-externally-managed
[1.741s] DEBUG:colcon.colcon_core.event_handler.log_command:Invoked command in '/home/lilly/turtlebot3_ws/src/gcnschedule-turtlenet/src/gcnsched_demo' returned '0': HISTTIMEFORMAT=[%F %T] ~~~ PROMPT_COMMAND=if [ $? -ne 0 ]; then ERROR_FLAG=1; else ERROR_FLAG=; fi; promptPWD; history -a; _loghistory; PYTHONPATH=/home/lilly/turtlebot3_ws/src/gcnschedule-turtlenet/src/gcnsched_demo/install/gcnsched_demo/lib/python3.6/site-packages:${PYTHONPATH} __PREV_HISTLINE=63719 /usr/bin/python3 setup.py egg_info --egg-base build/gcnsched_demo build --build-base /home/lilly/turtlebot3_ws/src/gcnschedule-turtlenet/src/gcnsched_demo/build/gcnsched_demo/build install --prefix /home/lilly/turtlebot3_ws/src/gcnschedule-turtlenet/src/gcnsched_demo/install/gcnsched_demo --record /home/lilly/turtlebot3_ws/src/gcnschedule-turtlenet/src/gcnsched_demo/build/gcnsched_demo/install.log --single-version-externally-managed
[1.748s] Level 1:colcon.colcon_core.environment:checking '/home/lilly/turtlebot3_ws/src/gcnschedule-turtlenet/src/gcnsched_demo/install/gcnsched_demo' for CMake module files
[1.749s] Level 1:colcon.colcon_core.environment:checking '/home/lilly/turtlebot3_ws/src/gcnschedule-turtlenet/src/gcnsched_demo/install/gcnsched_demo' for CMake config files
[1.751s] Level 1:colcon.colcon_core.environment:checking '/home/lilly/turtlebot3_ws/src/gcnschedule-turtlenet/src/gcnsched_demo/install/gcnsched_demo/lib'
[1.751s] Level 1:colcon.colcon_core.environment:checking '/home/lilly/turtlebot3_ws/src/gcnschedule-turtlenet/src/gcnsched_demo/install/gcnsched_demo/bin'
[1.751s] Level 1:colcon.colcon_core.environment:checking '/home/lilly/turtlebot3_ws/src/gcnschedule-turtlenet/src/gcnsched_demo/install/gcnsched_demo/lib/pkgconfig/gcnsched_demo.pc'
[1.751s] Level 1:colcon.colcon_core.environment:checking '/home/lilly/turtlebot3_ws/src/gcnschedule-turtlenet/src/gcnsched_demo/install/gcnsched_demo/lib/python3.6/site-packages'
[1.751s] Level 1:colcon.colcon_core.shell:create_environment_hook('gcnsched_demo', 'pythonpath')
[1.752s] INFO:colcon.colcon_core.shell:Creating environment hook '/home/lilly/turtlebot3_ws/src/gcnschedule-turtlenet/src/gcnsched_demo/install/gcnsched_demo/share/gcnsched_demo/hook/pythonpath.ps1'
[1.753s] INFO:colcon.colcon_core.shell:Creating environment descriptor '/home/lilly/turtlebot3_ws/src/gcnschedule-turtlenet/src/gcnsched_demo/install/gcnsched_demo/share/gcnsched_demo/hook/pythonpath.dsv'
[1.753s] INFO:colcon.colcon_core.shell:Creating environment hook '/home/lilly/turtlebot3_ws/src/gcnschedule-turtlenet/src/gcnsched_demo/install/gcnsched_demo/share/gcnsched_demo/hook/pythonpath.sh'
[1.754s] Level 1:colcon.colcon_core.environment:create_environment_scripts_only(gcnsched_demo)
[1.754s] INFO:colcon.colcon_core.shell:Creating package script '/home/lilly/turtlebot3_ws/src/gcnschedule-turtlenet/src/gcnsched_demo/install/gcnsched_demo/share/gcnsched_demo/package.ps1'
[1.756s] INFO:colcon.colcon_core.shell:Creating package descriptor '/home/lilly/turtlebot3_ws/src/gcnschedule-turtlenet/src/gcnsched_demo/install/gcnsched_demo/share/gcnsched_demo/package.dsv'
[1.756s] INFO:colcon.colcon_core.shell:Creating package script '/home/lilly/turtlebot3_ws/src/gcnschedule-turtlenet/src/gcnsched_demo/install/gcnsched_demo/share/gcnsched_demo/package.sh'
[1.758s] INFO:colcon.colcon_core.shell:Creating package script '/home/lilly/turtlebot3_ws/src/gcnschedule-turtlenet/src/gcnsched_demo/install/gcnsched_demo/share/gcnsched_demo/package.bash'
[1.759s] INFO:colcon.colcon_core.shell:Creating package script '/home/lilly/turtlebot3_ws/src/gcnschedule-turtlenet/src/gcnsched_demo/install/gcnsched_demo/share/gcnsched_demo/package.zsh'
[1.760s] Level 1:colcon.colcon_core.environment:create_file_with_runtime_dependencies(/home/lilly/turtlebot3_ws/src/gcnschedule-turtlenet/src/gcnsched_demo/install/gcnsched_demo/share/colcon-core/packages/gcnsched_demo)
[1.761s] DEBUG:colcon.colcon_parallel_executor.executor.parallel:closing loop
[1.762s] DEBUG:colcon.colcon_parallel_executor.executor.parallel:loop closed
[1.762s] DEBUG:colcon.colcon_parallel_executor.executor.parallel:run_until_complete finished with '0'
[1.762s] DEBUG:colcon.colcon_core.event_reactor:joining thread
[1.778s] INFO:colcon.colcon_core.plugin_system:Skipping extension 'colcon_notification.desktop_notification.terminal_notifier': Not used on non-Darwin systems
[1.778s] INFO:colcon.colcon_core.plugin_system:Skipping extension 'colcon_notification.desktop_notification.win32': Not used on non-Windows systems
[1.778s] INFO:colcon.colcon_notification.desktop_notification:Sending desktop notification using 'notify2'
[1.782s] DEBUG:colcon.colcon_core.event_reactor:joined thread
[1.784s] INFO:colcon.colcon_core.shell:Creating prefix script '/home/lilly/turtlebot3_ws/src/gcnschedule-turtlenet/src/gcnsched_demo/install/local_setup.ps1'
[1.786s] INFO:colcon.colcon_core.shell:Creating prefix util module '/home/lilly/turtlebot3_ws/src/gcnschedule-turtlenet/src/gcnsched_demo/install/_local_setup_util_ps1.py'
[1.790s] INFO:colcon.colcon_core.shell:Creating prefix chain script '/home/lilly/turtlebot3_ws/src/gcnschedule-turtlenet/src/gcnsched_demo/install/setup.ps1'
[1.794s] INFO:colcon.colcon_core.shell:Creating prefix script '/home/lilly/turtlebot3_ws/src/gcnschedule-turtlenet/src/gcnsched_demo/install/local_setup.sh'
[1.796s] INFO:colcon.colcon_core.shell:Creating prefix util module '/home/lilly/turtlebot3_ws/src/gcnschedule-turtlenet/src/gcnsched_demo/install/_local_setup_util_sh.py'
[1.796s] INFO:colcon.colcon_core.shell:Creating prefix chain script '/home/lilly/turtlebot3_ws/src/gcnschedule-turtlenet/src/gcnsched_demo/install/setup.sh'
[1.801s] INFO:colcon.colcon_core.shell:Creating prefix script '/home/lilly/turtlebot3_ws/src/gcnschedule-turtlenet/src/gcnsched_demo/install/local_setup.bash'
[1.803s] INFO:colcon.colcon_core.shell:Creating prefix chain script '/home/lilly/turtlebot3_ws/src/gcnschedule-turtlenet/src/gcnsched_demo/install/setup.bash'
[1.807s] INFO:colcon.colcon_core.shell:Creating prefix script '/home/lilly/turtlebot3_ws/src/gcnschedule-turtlenet/src/gcnsched_demo/install/local_setup.zsh'
[1.808s] INFO:colcon.colcon_core.shell:Creating prefix chain script '/home/lilly/turtlebot3_ws/src/gcnschedule-turtlenet/src/gcnsched_demo/install/setup.zsh'
