running egg_info
creating build/gcnsched_demo/gcnsched_demo.egg-info
writing build/gcnsched_demo/gcnsched_demo.egg-info/PKG-INFO
writing dependency_links to build/gcnsched_demo/gcnsched_demo.egg-info/dependency_links.txt
writing entry points to build/gcnsched_demo/gcnsched_demo.egg-info/entry_points.txt
writing requirements to build/gcnsched_demo/gcnsched_demo.egg-info/requires.txt
writing top-level names to build/gcnsched_demo/gcnsched_demo.egg-info/top_level.txt
writing manifest file 'build/gcnsched_demo/gcnsched_demo.egg-info/SOURCES.txt'
reading manifest file 'build/gcnsched_demo/gcnsched_demo.egg-info/SOURCES.txt'
writing manifest file 'build/gcnsched_demo/gcnsched_demo.egg-info/SOURCES.txt'
running build
running build_py
creating /home/lilly/turtlebot3_ws/src/gcnschedule-turtlenet/src/gcnsched_demo/build/gcnsched_demo/build
creating /home/lilly/turtlebot3_ws/src/gcnschedule-turtlenet/src/gcnsched_demo/build/gcnsched_demo/build/lib
creating /home/lilly/turtlebot3_ws/src/gcnschedule-turtlenet/src/gcnsched_demo/build/gcnsched_demo/build/lib/gcnsched_demo
copying gcnsched_demo/scheduler.py -> /home/lilly/turtlebot3_ws/src/gcnschedule-turtlenet/src/gcnsched_demo/build/gcnsched_demo/build/lib/gcnsched_demo
copying gcnsched_demo/__init__.py -> /home/lilly/turtlebot3_ws/src/gcnschedule-turtlenet/src/gcnsched_demo/build/gcnsched_demo/build/lib/gcnsched_demo
running install
running install_lib
creating /home/lilly/turtlebot3_ws/src/gcnschedule-turtlenet/src/gcnsched_demo/install/gcnsched_demo/lib/python3.6/site-packages/gcnsched_demo
copying /home/lilly/turtlebot3_ws/src/gcnschedule-turtlenet/src/gcnsched_demo/build/gcnsched_demo/build/lib/gcnsched_demo/scheduler.py -> /home/lilly/turtlebot3_ws/src/gcnschedule-turtlenet/src/gcnsched_demo/install/gcnsched_demo/lib/python3.6/site-packages/gcnsched_demo
copying /home/lilly/turtlebot3_ws/src/gcnschedule-turtlenet/src/gcnsched_demo/build/gcnsched_demo/build/lib/gcnsched_demo/__init__.py -> /home/lilly/turtlebot3_ws/src/gcnschedule-turtlenet/src/gcnsched_demo/install/gcnsched_demo/lib/python3.6/site-packages/gcnsched_demo
byte-compiling /home/lilly/turtlebot3_ws/src/gcnschedule-turtlenet/src/gcnsched_demo/install/gcnsched_demo/lib/python3.6/site-packages/gcnsched_demo/scheduler.py to scheduler.cpython-36.pyc
byte-compiling /home/lilly/turtlebot3_ws/src/gcnschedule-turtlenet/src/gcnsched_demo/install/gcnsched_demo/lib/python3.6/site-packages/gcnsched_demo/__init__.py to __init__.cpython-36.pyc
running install_data
creating /home/lilly/turtlebot3_ws/src/gcnschedule-turtlenet/src/gcnsched_demo/install/gcnsched_demo/share/ament_index
creating /home/lilly/turtlebot3_ws/src/gcnschedule-turtlenet/src/gcnsched_demo/install/gcnsched_demo/share/ament_index/resource_index
creating /home/lilly/turtlebot3_ws/src/gcnschedule-turtlenet/src/gcnsched_demo/install/gcnsched_demo/share/ament_index/resource_index/packages
copying resource/gcnsched_demo -> /home/lilly/turtlebot3_ws/src/gcnschedule-turtlenet/src/gcnsched_demo/install/gcnsched_demo/share/ament_index/resource_index/packages
copying package.xml -> /home/lilly/turtlebot3_ws/src/gcnschedule-turtlenet/src/gcnsched_demo/install/gcnsched_demo/share/gcnsched_demo
running install_egg_info
Copying build/gcnsched_demo/gcnsched_demo.egg-info to /home/lilly/turtlebot3_ws/src/gcnschedule-turtlenet/src/gcnsched_demo/install/gcnsched_demo/lib/python3.6/site-packages/gcnsched_demo-0.0.0-py3.6.egg-info
running install_scripts
Installing scheduler script to /home/lilly/turtlebot3_ws/src/gcnschedule-turtlenet/src/gcnsched_demo/install/gcnsched_demo/lib/gcnsched_demo
writing list of installed files to '/home/lilly/turtlebot3_ws/src/gcnschedule-turtlenet/src/gcnsched_demo/build/gcnsched_demo/install.log'
