[1.035s] Invoking command in '/home/lilly/turtlebot3_ws/src/gcnschedule-turtlenet/src/gcnsched_demo': HISTTIMEFORMAT=[%F %T] ~~~ PROMPT_COMMAND=if [ $? -ne 0 ]; then ERROR_FLAG=1; else ERROR_FLAG=; fi; promptPWD; history -a; _loghistory; PYTHONPATH=/home/lilly/turtlebot3_ws/src/gcnschedule-turtlenet/src/gcnsched_demo/install/gcnsched_demo/lib/python3.6/site-packages:${PYTHONPATH} __PREV_HISTLINE=63694 /usr/bin/python3 setup.py egg_info --egg-base build/gcnsched_demo build --build-base /home/lilly/turtlebot3_ws/src/gcnschedule-turtlenet/src/gcnsched_demo/build/gcnsched_demo/build install --prefix /home/lilly/turtlebot3_ws/src/gcnschedule-turtlenet/src/gcnsched_demo/install/gcnsched_demo --record /home/lilly/turtlebot3_ws/src/gcnschedule-turtlenet/src/gcnsched_demo/build/gcnsched_demo/install.log --single-version-externally-managed
[1.367s] running egg_info
[1.368s] creating build/gcnsched_demo/gcnsched_demo.egg-info
[1.368s] writing build/gcnsched_demo/gcnsched_demo.egg-info/PKG-INFO
[1.369s] writing dependency_links to build/gcnsched_demo/gcnsched_demo.egg-info/dependency_links.txt
[1.369s] writing entry points to build/gcnsched_demo/gcnsched_demo.egg-info/entry_points.txt
[1.369s] writing requirements to build/gcnsched_demo/gcnsched_demo.egg-info/requires.txt
[1.369s] writing top-level names to build/gcnsched_demo/gcnsched_demo.egg-info/top_level.txt
[1.375s] writing manifest file 'build/gcnsched_demo/gcnsched_demo.egg-info/SOURCES.txt'
[1.415s] reading manifest file 'build/gcnsched_demo/gcnsched_demo.egg-info/SOURCES.txt'
[1.417s] writing manifest file 'build/gcnsched_demo/gcnsched_demo.egg-info/SOURCES.txt'
[1.417s] running build
[1.417s] running build_py
[1.417s] creating /home/lilly/turtlebot3_ws/src/gcnschedule-turtlenet/src/gcnsched_demo/build/gcnsched_demo/build
[1.417s] creating /home/lilly/turtlebot3_ws/src/gcnschedule-turtlenet/src/gcnsched_demo/build/gcnsched_demo/build/lib
[1.417s] creating /home/lilly/turtlebot3_ws/src/gcnschedule-turtlenet/src/gcnsched_demo/build/gcnsched_demo/build/lib/gcnsched_demo
[1.417s] copying gcnsched_demo/scheduler.py -> /home/lilly/turtlebot3_ws/src/gcnschedule-turtlenet/src/gcnsched_demo/build/gcnsched_demo/build/lib/gcnsched_demo
[1.418s] copying gcnsched_demo/__init__.py -> /home/lilly/turtlebot3_ws/src/gcnschedule-turtlenet/src/gcnsched_demo/build/gcnsched_demo/build/lib/gcnsched_demo
[1.418s] running install
[1.418s] running install_lib
[1.419s] creating /home/lilly/turtlebot3_ws/src/gcnschedule-turtlenet/src/gcnsched_demo/install/gcnsched_demo/lib/python3.6/site-packages/gcnsched_demo
[1.419s] copying /home/lilly/turtlebot3_ws/src/gcnschedule-turtlenet/src/gcnsched_demo/build/gcnsched_demo/build/lib/gcnsched_demo/scheduler.py -> /home/lilly/turtlebot3_ws/src/gcnschedule-turtlenet/src/gcnsched_demo/install/gcnsched_demo/lib/python3.6/site-packages/gcnsched_demo
[1.419s] copying /home/lilly/turtlebot3_ws/src/gcnschedule-turtlenet/src/gcnsched_demo/build/gcnsched_demo/build/lib/gcnsched_demo/__init__.py -> /home/lilly/turtlebot3_ws/src/gcnschedule-turtlenet/src/gcnsched_demo/install/gcnsched_demo/lib/python3.6/site-packages/gcnsched_demo
[1.419s] byte-compiling /home/lilly/turtlebot3_ws/src/gcnschedule-turtlenet/src/gcnsched_demo/install/gcnsched_demo/lib/python3.6/site-packages/gcnsched_demo/scheduler.py to scheduler.cpython-36.pyc
[1.420s] byte-compiling /home/lilly/turtlebot3_ws/src/gcnschedule-turtlenet/src/gcnsched_demo/install/gcnsched_demo/lib/python3.6/site-packages/gcnsched_demo/__init__.py to __init__.cpython-36.pyc
[1.420s] running install_data
[1.420s] creating /home/lilly/turtlebot3_ws/src/gcnschedule-turtlenet/src/gcnsched_demo/install/gcnsched_demo/share/ament_index
[1.421s] creating /home/lilly/turtlebot3_ws/src/gcnschedule-turtlenet/src/gcnsched_demo/install/gcnsched_demo/share/ament_index/resource_index
[1.421s] creating /home/lilly/turtlebot3_ws/src/gcnschedule-turtlenet/src/gcnsched_demo/install/gcnsched_demo/share/ament_index/resource_index/packages
[1.421s] copying resource/gcnsched_demo -> /home/lilly/turtlebot3_ws/src/gcnschedule-turtlenet/src/gcnsched_demo/install/gcnsched_demo/share/ament_index/resource_index/packages
[1.421s] copying package.xml -> /home/lilly/turtlebot3_ws/src/gcnschedule-turtlenet/src/gcnsched_demo/install/gcnsched_demo/share/gcnsched_demo
[1.421s] running install_egg_info
[1.423s] Copying build/gcnsched_demo/gcnsched_demo.egg-info to /home/lilly/turtlebot3_ws/src/gcnschedule-turtlenet/src/gcnsched_demo/install/gcnsched_demo/lib/python3.6/site-packages/gcnsched_demo-0.0.0-py3.6.egg-info
[1.424s] running install_scripts
[1.446s] Installing scheduler script to /home/lilly/turtlebot3_ws/src/gcnschedule-turtlenet/src/gcnsched_demo/install/gcnsched_demo/lib/gcnsched_demo
[1.446s] writing list of installed files to '/home/lilly/turtlebot3_ws/src/gcnschedule-turtlenet/src/gcnsched_demo/build/gcnsched_demo/install.log'
[1.476s] Invoked command in '/home/lilly/turtlebot3_ws/src/gcnschedule-turtlenet/src/gcnsched_demo' returned '0': HISTTIMEFORMAT=[%F %T] ~~~ PROMPT_COMMAND=if [ $? -ne 0 ]; then ERROR_FLAG=1; else ERROR_FLAG=; fi; promptPWD; history -a; _loghistory; PYTHONPATH=/home/lilly/turtlebot3_ws/src/gcnschedule-turtlenet/src/gcnsched_demo/install/gcnsched_demo/lib/python3.6/site-packages:${PYTHONPATH} __PREV_HISTLINE=63694 /usr/bin/python3 setup.py egg_info --egg-base build/gcnsched_demo build --build-base /home/lilly/turtlebot3_ws/src/gcnschedule-turtlenet/src/gcnsched_demo/build/gcnsched_demo/build install --prefix /home/lilly/turtlebot3_ws/src/gcnschedule-turtlenet/src/gcnsched_demo/install/gcnsched_demo --record /home/lilly/turtlebot3_ws/src/gcnschedule-turtlenet/src/gcnsched_demo/build/gcnsched_demo/install.log --single-version-externally-managed
